0 49
1 12
2 8
3 49
4 1
5 3
6 49
7 3
8 0
9 43
10 2
11 4
12 3
13 3
14 0
15 9
16 49
17 3
18 4
19 12
20 4
21 2
22 4
23 1
24 1
25 45
26 3
27 29
28 0
29 2
30 0
31 1
32 4
33 7
34 1
35 2
36 4
37 32
38 3
39 1
40 1
41 2
42 13
43 49
44 30
45 1
46 1
47 1
48 27
49 3
50 1
51 4
52 24
53 18
54 7
55 1
56 1
57 0
58 5
59 33
60 17
61 11
62 0
63 1
64 2
65 0
66 15
67 0
68 5
69 1
70 9
71 2
72 0
73 9
74 14
75 2
76 1
77 2
78 17
79 3
80 16
81 1
82 3
83 3
84 12
85 5
86 1
87 12
88 2
89 9
90 3
91 2
92 3
93 0
94 43
95 8
96 2
97 3
98 4
99 5
100 4
101 1
102 5
103 8
104 2
105 1
106 11
107 5
108 1
109 4
110 7
111 2
112 11
113 13
114 5
115 5
116 0
117 12
118 2
119 2
120 25
121 23
122 5
123 1
124 6
125 0
126 5
127 11
128 0
129 3
130 9
131 18
132 3
133 14
134 2
135 1
136 30
137 5
138 6
139 4
140 2
141 1
142 1
143 3
144 8
145 8
146 0
147 11
148 1
149 2
150 0
151 3
152 8
153 7
154 1
155 2
156 18
157 4
158 1
159 1
160 0
161 16
162 1
163 3
164 7
165 16
166 3
167 1
168 0
169 3
170 13
171 2
172 10
173 1
174 15
175 2
176 3
177 5
178 2
179 0
180 0
181 3
182 4
183 14
184 2
185 5
186 2
187 1
188 0
189 0
190 1
191 3
192 4
193 8
194 24
195 8
196 2
197 7
198 9
199 7
200 2
201 1
202 0
203 1
204 7
205 1
206 1
207 1
208 0
209 19
210 4
211 1
212 3
213 1
214 1
215 8
216 5
217 3
218 18
219 5
220 1
221 1
222 4
223 3
224 1
225 1
226 3
227 5
228 2
229 0
230 4
231 0
232 0
233 2
234 3
235 1
236 15
237 10
238 2
239 2
240 4
241 2
242 1
243 1
244 2
245 5
246 2
247 8
248 5
249 6
250 0
251 1
252 1
253 9
254 2
255 4
256 1
257 2
258 2
259 2
260 3
261 1
262 3
263 8
264 1
265 6
266 3
267 8
268 1
269 11
270 1
271 1
272 0
273 2
274 1
275 13
276 1
277 10
278 3
279 6
280 3
281 2
282 3
283 0
284 7
285 6
286 4
287 5
288 0
289 1
290 1
291 5
292 2
293 1
294 1
295 0
296 3
297 0
298 0
299 0
