0 49
1 49
2 49
3 49
4 49
5 4
6 49
7 6
8 10
9 19
10 2
11 37
12 2
13 7
14 4
15 5
16 4
17 19
18 49
19 16
20 18
21 18
22 4
23 0
24 0
25 12
26 13
27 5
28 4
29 5
30 6
31 5
32 4
33 15
34 4
35 20
36 2
37 5
38 4
39 5
40 12
41 4
42 26
43 3
44 7
45 2
46 9
47 16
48 4
49 23
50 12
51 11
52 30
53 19
54 5
55 13
56 11
57 21
58 6
59 9
60 2
61 18
62 8
63 14
64 15
65 5
66 11
67 4
68 17
69 6
70 12
71 40
72 16
73 0
74 0
75 2
76 12
77 26
78 2
79 4
80 2
81 9
82 7
83 3
84 4
85 9
86 11
87 31
88 5
89 5
90 2
91 3
92 6
93 1
94 0
95 19
96 8
97 5
98 2
99 24
100 3
101 0
102 8
103 0
104 2
105 1
106 0
107 4
108 6
109 13
110 3
111 1
112 3
113 12
114 7
115 5
116 6
117 0
118 16
119 6
120 5
121 1
122 2
123 4
124 11
125 6
126 1
127 0
128 2
129 6
130 3
131 11
132 2
133 2
134 3
135 3
136 2
137 1
138 1
139 13
140 2
141 4
142 4
143 7
144 4
145 11
146 0
147 2
148 5
149 7
150 5
151 11
152 1
153 4
154 20
155 6
156 4
157 5
158 1
159 6
160 5
161 0
162 1
163 10
164 2
165 12
166 21
167 7
168 3
169 12
170 7
171 28
172 11
173 1
174 4
175 11
176 3
177 2
178 7
179 2
180 1
181 2
182 11
183 2
184 3
185 11
186 11
187 5
188 2
189 1
190 6
191 4
192 2
193 2
194 9
195 0
196 4
197 1
198 0
199 11
200 11
201 10
202 3
203 9
204 4
205 4
206 3
207 3
208 0
209 4
210 5
211 7
212 9
213 4
214 7
215 1
216 1
217 1
218 10
219 0
220 2
221 2
222 3
223 3
224 3
225 13
226 3
227 2
228 5
229 1
230 16
231 4
232 12
233 5
234 2
235 14
236 1
237 1
238 3
239 4
240 2
241 6
242 1
243 11
244 3
245 3
246 2
247 13
248 3
249 4
250 1
251 2
252 13
253 5
254 2
255 2
256 9
257 5
258 4
259 2
260 2
261 8
262 8
263 4
264 0
265 2
266 10
267 10
268 6
269 12
270 3
271 3
272 3
273 7
274 2
275 0
276 6
277 5
278 3
279 2
280 8
281 6
282 1
283 0
284 4
285 1
286 3
287 5
288 10
289 15
290 2
291 1
292 2
293 0
294 9
295 4
296 8
297 2
298 4
299 0
